{"D:\\projetos\\new_homestead\\projectChat\\controllers\\userController.js": {"path":"D:\\projetos\\new_homestead\\projectChat\\controllers\\userController.js","statementMap":{"0":{"start":{"line":1,"column":16},"end":{"line":1,"column":34}},"1":{"start":{"line":2,"column":15},"end":{"line":2,"column":31}},"2":{"start":{"line":3,"column":17},"end":{"line":3,"column":36}},"3":{"start":{"line":4,"column":15},"end":{"line":4,"column":34}},"4":{"start":{"line":5,"column":12},"end":{"line":5,"column":35}},"5":{"start":{"line":6,"column":19},"end":{"line":6,"column":40}},"6":{"start":{"line":8,"column":13},"end":{"line":8,"column":38}},"7":{"start":{"line":11,"column":24},"end":{"line":17,"column":6}},"8":{"start":{"line":19,"column":13},"end":{"line":19,"column":46}},"9":{"start":{"line":20,"column":12},"end":{"line":20,"column":91}},"10":{"start":{"line":22,"column":15},"end":{"line":22,"column":21}},"11":{"start":{"line":24,"column":24},"end":{"line":29,"column":5}},"12":{"start":{"line":31,"column":4},"end":{"line":35,"column":6}},"13":{"start":{"line":32,"column":8},"end":{"line":34,"column":9}},"14":{"start":{"line":33,"column":10},"end":{"line":33,"column":28}},"15":{"start":{"line":39,"column":12},"end":{"line":39,"column":22}},"16":{"start":{"line":40,"column":12},"end":{"line":40,"column":25}},"17":{"start":{"line":41,"column":4},"end":{"line":41,"column":47}},"18":{"start":{"line":44,"column":0},"end":{"line":63,"column":2}},"19":{"start":{"line":45,"column":20},"end":{"line":45,"column":28}},"20":{"start":{"line":47,"column":2},"end":{"line":62,"column":3}},"21":{"start":{"line":48,"column":6},"end":{"line":49,"column":58}},"22":{"start":{"line":49,"column":10},"end":{"line":49,"column":58}},"23":{"start":{"line":51,"column":6},"end":{"line":51,"column":42}},"24":{"start":{"line":53,"column":19},"end":{"line":53,"column":46}},"25":{"start":{"line":57,"column":6},"end":{"line":59,"column":7}},"26":{"start":{"line":61,"column":6},"end":{"line":61,"column":65}},"27":{"start":{"line":65,"column":0},"end":{"line":90,"column":4}},"28":{"start":{"line":67,"column":32},"end":{"line":67,"column":40}},"29":{"start":{"line":69,"column":4},"end":{"line":88,"column":5}},"30":{"start":{"line":71,"column":21},"end":{"line":71,"column":70}},"31":{"start":{"line":73,"column":8},"end":{"line":73,"column":68}},"32":{"start":{"line":73,"column":19},"end":{"line":73,"column":68}},"33":{"start":{"line":75,"column":8},"end":{"line":75,"column":107}},"34":{"start":{"line":75,"column":27},"end":{"line":75,"column":107}},"35":{"start":{"line":77,"column":8},"end":{"line":78,"column":56}},"36":{"start":{"line":78,"column":9},"end":{"line":78,"column":56}},"37":{"start":{"line":80,"column":8},"end":{"line":80,"column":33}},"38":{"start":{"line":82,"column":8},"end":{"line":84,"column":9}},"39":{"start":{"line":87,"column":8},"end":{"line":87,"column":36}},"40":{"start":{"line":92,"column":2},"end":{"line":111,"column":4}},"41":{"start":{"line":94,"column":22},"end":{"line":94,"column":32}},"42":{"start":{"line":96,"column":4},"end":{"line":109,"column":5}},"43":{"start":{"line":98,"column":21},"end":{"line":98,"column":50}},"44":{"start":{"line":100,"column":8},"end":{"line":101,"column":76}},"45":{"start":{"line":101,"column":12},"end":{"line":101,"column":76}},"46":{"start":{"line":103,"column":8},"end":{"line":105,"column":9}},"47":{"start":{"line":108,"column":8},"end":{"line":108,"column":36}},"48":{"start":{"line":113,"column":2},"end":{"line":139,"column":4}},"49":{"start":{"line":115,"column":21},"end":{"line":115,"column":31}},"50":{"start":{"line":117,"column":4},"end":{"line":137,"column":5}},"51":{"start":{"line":119,"column":19},"end":{"line":119,"column":47}},"52":{"start":{"line":121,"column":8},"end":{"line":122,"column":76}},"53":{"start":{"line":122,"column":12},"end":{"line":122,"column":76}},"54":{"start":{"line":124,"column":8},"end":{"line":124,"column":27}},"55":{"start":{"line":125,"column":8},"end":{"line":125,"column":22}},"56":{"start":{"line":126,"column":8},"end":{"line":126,"column":46}},"57":{"start":{"line":128,"column":8},"end":{"line":132,"column":10}},"58":{"start":{"line":135,"column":8},"end":{"line":135,"column":24}},"59":{"start":{"line":136,"column":8},"end":{"line":136,"column":36}},"60":{"start":{"line":141,"column":0},"end":{"line":141,"column":23}}},"fnMap":{"0":{"name":"sendConfirmationEmail","decl":{"start":{"line":10,"column":15},"end":{"line":10,"column":36}},"loc":{"start":{"line":10,"column":50},"end":{"line":36,"column":1}},"line":10},"1":{"name":"(anonymous_1)","decl":{"start":{"line":31,"column":38},"end":{"line":31,"column":39}},"loc":{"start":{"line":31,"column":59},"end":{"line":35,"column":5}},"line":31},"2":{"name":"generateLink","decl":{"start":{"line":38,"column":15},"end":{"line":38,"column":27}},"loc":{"start":{"line":38,"column":31},"end":{"line":42,"column":1}},"line":38},"3":{"name":"(anonymous_3)","decl":{"start":{"line":44,"column":25},"end":{"line":44,"column":26}},"loc":{"start":{"line":44,"column":51},"end":{"line":63,"column":1}},"line":44},"4":{"name":"(anonymous_4)","decl":{"start":{"line":65,"column":22},"end":{"line":65,"column":23}},"loc":{"start":{"line":65,"column":41},"end":{"line":90,"column":3}},"line":65},"5":{"name":"(anonymous_5)","decl":{"start":{"line":92,"column":29},"end":{"line":92,"column":30}},"loc":{"start":{"line":92,"column":48},"end":{"line":111,"column":3}},"line":92},"6":{"name":"(anonymous_6)","decl":{"start":{"line":113,"column":31},"end":{"line":113,"column":32}},"loc":{"start":{"line":113,"column":50},"end":{"line":139,"column":3}},"line":113}},"branchMap":{"0":{"loc":{"start":{"line":32,"column":8},"end":{"line":34,"column":9}},"type":"if","locations":[{"start":{"line":32,"column":8},"end":{"line":34,"column":9}},{"start":{"line":32,"column":8},"end":{"line":34,"column":9}}],"line":32},"1":{"loc":{"start":{"line":48,"column":6},"end":{"line":49,"column":58}},"type":"if","locations":[{"start":{"line":48,"column":6},"end":{"line":49,"column":58}},{"start":{"line":48,"column":6},"end":{"line":49,"column":58}}],"line":48},"2":{"loc":{"start":{"line":73,"column":8},"end":{"line":73,"column":68}},"type":"if","locations":[{"start":{"line":73,"column":8},"end":{"line":73,"column":68}},{"start":{"line":73,"column":8},"end":{"line":73,"column":68}}],"line":73},"3":{"loc":{"start":{"line":75,"column":8},"end":{"line":75,"column":107}},"type":"if","locations":[{"start":{"line":75,"column":8},"end":{"line":75,"column":107}},{"start":{"line":75,"column":8},"end":{"line":75,"column":107}}],"line":75},"4":{"loc":{"start":{"line":77,"column":8},"end":{"line":78,"column":56}},"type":"if","locations":[{"start":{"line":77,"column":8},"end":{"line":78,"column":56}},{"start":{"line":77,"column":8},"end":{"line":78,"column":56}}],"line":77},"5":{"loc":{"start":{"line":100,"column":8},"end":{"line":101,"column":76}},"type":"if","locations":[{"start":{"line":100,"column":8},"end":{"line":101,"column":76}},{"start":{"line":100,"column":8},"end":{"line":101,"column":76}}],"line":100},"6":{"loc":{"start":{"line":121,"column":8},"end":{"line":122,"column":76}},"type":"if","locations":[{"start":{"line":121,"column":8},"end":{"line":122,"column":76}},{"start":{"line":121,"column":8},"end":{"line":122,"column":76}}],"line":121}},"s":{"0":1,"1":1,"2":1,"3":1,"4":1,"5":1,"6":1,"7":0,"8":0,"9":0,"10":0,"11":0,"12":0,"13":0,"14":0,"15":0,"16":0,"17":0,"18":1,"19":1,"20":1,"21":1,"22":0,"23":0,"24":0,"25":0,"26":0,"27":1,"28":3,"29":3,"30":3,"31":0,"32":0,"33":0,"34":0,"35":0,"36":0,"37":0,"38":0,"39":0,"40":1,"41":1,"42":1,"43":1,"44":0,"45":0,"46":0,"47":0,"48":1,"49":0,"50":0,"51":0,"52":0,"53":0,"54":0,"55":0,"56":0,"57":0,"58":0,"59":0,"60":1},"f":{"0":0,"1":0,"2":0,"3":1,"4":3,"5":1,"6":0},"b":{"0":[0,0],"1":[0,0],"2":[0,0],"3":[0,0],"4":[0,0],"5":[0,0],"6":[0,0]},"_coverageSchema":"1a1c01bbd47fc00a2c39e90264f33305004495a9","hash":"02b5dd6e3450b69d2cdbcc9fc9663f7f16864019"}
,"D:\\projetos\\new_homestead\\projectChat\\database\\index.js": {"path":"D:\\projetos\\new_homestead\\projectChat\\database\\index.js","statementMap":{"0":{"start":{"line":1,"column":17},"end":{"line":1,"column":36}},"1":{"start":{"line":2,"column":0},"end":{"line":2,"column":36}},"2":{"start":{"line":4,"column":0},"end":{"line":7,"column":33}},"3":{"start":{"line":7,"column":16},"end":{"line":7,"column":32}},"4":{"start":{"line":9,"column":0},"end":{"line":9,"column":25}}},"fnMap":{"0":{"name":"(anonymous_0)","decl":{"start":{"line":7,"column":9},"end":{"line":7,"column":10}},"loc":{"start":{"line":7,"column":16},"end":{"line":7,"column":32}},"line":7}},"branchMap":{},"s":{"0":1,"1":1,"2":1,"3":1,"4":1},"f":{"0":1},"b":{},"_coverageSchema":"1a1c01bbd47fc00a2c39e90264f33305004495a9","hash":"b09d35256d2744d15e8eb611069b43e6d3d5329e"}
,"D:\\projetos\\new_homestead\\projectChat\\models\\user.js": {"path":"D:\\projetos\\new_homestead\\projectChat\\models\\user.js","statementMap":{"0":{"start":{"line":1,"column":17},"end":{"line":1,"column":45}},"1":{"start":{"line":2,"column":15},"end":{"line":2,"column":34}},"2":{"start":{"line":4,"column":19},"end":{"line":26,"column":2}},"3":{"start":{"line":28,"column":0},"end":{"line":33,"column":2}},"4":{"start":{"line":29,"column":17},"end":{"line":29,"column":53}},"5":{"start":{"line":30,"column":4},"end":{"line":30,"column":24}},"6":{"start":{"line":32,"column":4},"end":{"line":32,"column":10}},"7":{"start":{"line":35,"column":13},"end":{"line":35,"column":47}},"8":{"start":{"line":37,"column":0},"end":{"line":37,"column":22}}},"fnMap":{"0":{"name":"(anonymous_0)","decl":{"start":{"line":28,"column":23},"end":{"line":28,"column":24}},"loc":{"start":{"line":28,"column":45},"end":{"line":33,"column":1}},"line":28}},"branchMap":{},"s":{"0":1,"1":1,"2":1,"3":1,"4":0,"5":0,"6":0,"7":1,"8":1},"f":{"0":0},"b":{},"_coverageSchema":"1a1c01bbd47fc00a2c39e90264f33305004495a9","hash":"28b52bdce1aa34387b130c011c9afe0484f43375"}
}
