TN:
SF:controllers\userController.js
FN:10,sendConfirmationEmail
FN:31,(anonymous_1)
FN:38,generateLink
FN:44,(anonymous_3)
FN:65,(anonymous_4)
FN:92,(anonymous_5)
FN:113,(anonymous_6)
FNF:7
FNH:3
FNDA:0,sendConfirmationEmail
FNDA:0,(anonymous_1)
FNDA:0,generateLink
FNDA:1,(anonymous_3)
FNDA:3,(anonymous_4)
FNDA:1,(anonymous_5)
FNDA:0,(anonymous_6)
DA:1,1
DA:2,1
DA:3,1
DA:4,1
DA:5,1
DA:6,1
DA:8,1
DA:11,0
DA:19,0
DA:20,0
DA:22,0
DA:24,0
DA:31,0
DA:32,0
DA:33,0
DA:39,0
DA:40,0
DA:41,0
DA:44,1
DA:45,1
DA:47,1
DA:48,1
DA:49,0
DA:51,0
DA:53,0
DA:57,0
DA:61,0
DA:65,1
DA:67,3
DA:69,3
DA:71,3
DA:73,0
DA:75,0
DA:77,0
DA:78,0
DA:80,0
DA:82,0
DA:87,0
DA:92,1
DA:94,1
DA:96,1
DA:98,1
DA:100,0
DA:101,0
DA:103,0
DA:108,0
DA:113,1
DA:115,0
DA:117,0
DA:119,0
DA:121,0
DA:122,0
DA:124,0
DA:125,0
DA:126,0
DA:128,0
DA:135,0
DA:136,0
DA:141,1
LF:59
LH:21
BRDA:32,0,0,0
BRDA:32,0,1,0
BRDA:48,1,0,0
BRDA:48,1,1,0
BRDA:73,2,0,0
BRDA:73,2,1,0
BRDA:75,3,0,0
BRDA:75,3,1,0
BRDA:77,4,0,0
BRDA:77,4,1,0
BRDA:100,5,0,0
BRDA:100,5,1,0
BRDA:121,6,0,0
BRDA:121,6,1,0
BRF:14
BRH:0
end_of_record
TN:
SF:database\index.js
FN:7,(anonymous_0)
FNF:1
FNH:1
FNDA:1,(anonymous_0)
DA:1,1
DA:2,1
DA:4,1
DA:7,1
DA:9,1
LF:5
LH:5
BRF:0
BRH:0
end_of_record
TN:
SF:models\user.js
FN:28,(anonymous_0)
FNF:1
FNH:0
FNDA:0,(anonymous_0)
DA:1,1
DA:2,1
DA:4,1
DA:28,1
DA:29,0
DA:30,0
DA:32,0
DA:35,1
DA:37,1
LF:9
LH:6
BRF:0
BRH:0
end_of_record
